host-sample/host/utils/build/intermediates/manifest_merge_blame_file/debug/manifest-merger-blame-debug-report.txt
1<?xml version="1.0" encoding="utf-8"?>
2<!--
3  ~ Copyright (C) 2005-2017 Qihoo 360 Inc.
4  ~
5  ~ Licensed under the Apache License, Version 2.0 (the "License"); you may not
6  ~ use this file except in compliance with the License. You may obtain a copy of
7  ~ the License at
8  ~
9  ~ http://www.apache.org/licenses/LICENSE-2.0
10  ~
11  ~ Unless required by applicable law or agreed To in writing, software
12  ~ distributed under the License is distributed on an "AS IS" BASIS, WITHOUT
13  ~ WARRANTIES OR CONDITIONS OF ANY KIND, either express or implied. See the
14  ~ License for the specific language governing permissions and limitations under
15  ~ the License.
16-->
17<manifest xmlns:android="http://schemas.android.com/apk/res/android"
18    package="com.qihoo360.replugin.common.utils"
19    android:versionCode="1"
20    android:versionName="1.0" >
21
22    <uses-sdk
23        android:minSdkVersion="14"
23-->src/main/AndroidManifest.xml
24        android:targetSdkVersion="29" />
24-->src/main/AndroidManifest.xml
25
26    <application
26-->src/main/AndroidManifest.xml:19:5-19
27        android:appComponentFactory="androidx.core.app.CoreComponentFactory"
27-->[androidx.core:core:1.0.0] AndroidManifest.xml:22:18-86
28        android:debuggable="true" />
29
30</manifest>